2023-07-17 23:48:47.885 | INFO     | utils.training_utils:get_dir_from_args:51 - ===> Root dir for this experiment: ./result_winclip/mvtec-k-0/logger/carpet
2023-07-17 23:48:47.889 | INFO     | datasets:get_dataloader_from_args:43 - ===> datasets: mvtec, class name/len: carpet/117, batch size: 128
2023-07-17 23:48:53.902 | INFO     | test:test:26 - begin build text feature gallery...
2023-07-17 23:48:54.085 | INFO     | test:test:28 - build text feature gallery finished.
2023-07-17 23:49:09.278 | INFO     | __main__:run_winclip:42 - carpet=======i_roc: 99.48
2023-07-17 23:49:09.278 | INFO     | __main__:run_winclip:42 - carpet=======p_roc: 74.13
2023-07-17 23:49:09.279 | INFO     | __main__:run_winclip:42 - carpet=======p_pro: 0.00
2023-07-17 23:49:09.279 | INFO     | __main__:run_winclip:42 - carpet=======i_f1: 98.32
2023-07-17 23:49:09.279 | INFO     | __main__:run_winclip:42 - carpet=======p_f1: 9.15
2023-07-17 23:49:09.279 | INFO     | __main__:run_winclip:42 - carpet=======r_f1: 0.00
2023-07-17 23:49:09.290 | INFO     | utils.training_utils:get_dir_from_args:51 - ===> Root dir for this experiment: ./result_winclip/mvtec-k-0/logger/grid
2023-07-17 23:49:09.292 | INFO     | datasets:get_dataloader_from_args:43 - ===> datasets: mvtec, class name/len: grid/78, batch size: 128
2023-07-17 23:49:11.890 | INFO     | test:test:26 - begin build text feature gallery...
2023-07-17 23:49:12.070 | INFO     | test:test:28 - build text feature gallery finished.
2023-07-17 23:49:23.445 | INFO     | __main__:run_winclip:42 - grid=======i_roc: 96.24
2023-07-17 23:49:23.446 | INFO     | __main__:run_winclip:42 - grid=======p_roc: 68.75
2023-07-17 23:49:23.446 | INFO     | __main__:run_winclip:42 - grid=======p_pro: 0.00
2023-07-17 23:49:23.446 | INFO     | __main__:run_winclip:42 - grid=======i_f1: 94.83
2023-07-17 23:49:23.446 | INFO     | __main__:run_winclip:42 - grid=======p_f1: 3.57
2023-07-17 23:49:23.446 | INFO     | __main__:run_winclip:42 - grid=======r_f1: 0.00
2023-07-17 23:49:23.459 | INFO     | utils.training_utils:get_dir_from_args:51 - ===> Root dir for this experiment: ./result_winclip/mvtec-k-0/logger/leather
2023-07-17 23:49:23.462 | INFO     | datasets:get_dataloader_from_args:43 - ===> datasets: mvtec, class name/len: leather/124, batch size: 128
2023-07-17 23:49:26.588 | INFO     | test:test:26 - begin build text feature gallery...
2023-07-17 23:49:26.747 | INFO     | test:test:28 - build text feature gallery finished.
2023-07-17 23:49:45.946 | INFO     | __main__:run_winclip:42 - leather=======i_roc: 100.00
2023-07-17 23:49:45.947 | INFO     | __main__:run_winclip:42 - leather=======p_roc: 74.84
2023-07-17 23:49:45.947 | INFO     | __main__:run_winclip:42 - leather=======p_pro: 0.00
2023-07-17 23:49:45.948 | INFO     | __main__:run_winclip:42 - leather=======i_f1: 100.00
2023-07-17 23:49:45.948 | INFO     | __main__:run_winclip:42 - leather=======p_f1: 3.87
2023-07-17 23:49:45.948 | INFO     | __main__:run_winclip:42 - leather=======r_f1: 0.00
2023-07-17 23:49:45.966 | INFO     | utils.training_utils:get_dir_from_args:51 - ===> Root dir for this experiment: ./result_winclip/mvtec-k-0/logger/tile
2023-07-17 23:49:45.970 | INFO     | datasets:get_dataloader_from_args:43 - ===> datasets: mvtec, class name/len: tile/117, batch size: 128
2023-07-17 23:49:48.727 | INFO     | test:test:26 - begin build text feature gallery...
2023-07-17 23:49:48.877 | INFO     | test:test:28 - build text feature gallery finished.
2023-07-17 23:50:05.089 | INFO     | __main__:run_winclip:42 - tile=======i_roc: 99.31
2023-07-17 23:50:05.090 | INFO     | __main__:run_winclip:42 - tile=======p_roc: 63.31
2023-07-17 23:50:05.090 | INFO     | __main__:run_winclip:42 - tile=======p_pro: 0.00
2023-07-17 23:50:05.090 | INFO     | __main__:run_winclip:42 - tile=======i_f1: 98.81
2023-07-17 23:50:05.091 | INFO     | __main__:run_winclip:42 - tile=======p_f1: 18.53
2023-07-17 23:50:05.091 | INFO     | __main__:run_winclip:42 - tile=======r_f1: 0.00
2023-07-17 23:50:05.103 | INFO     | utils.training_utils:get_dir_from_args:51 - ===> Root dir for this experiment: ./result_winclip/mvtec-k-0/logger/wood
2023-07-17 23:50:05.106 | INFO     | datasets:get_dataloader_from_args:43 - ===> datasets: mvtec, class name/len: wood/79, batch size: 128
2023-07-17 23:50:07.649 | INFO     | test:test:26 - begin build text feature gallery...
2023-07-17 23:50:07.821 | INFO     | test:test:28 - build text feature gallery finished.
2023-07-17 23:50:16.474 | INFO     | __main__:run_winclip:42 - wood=======i_roc: 97.28
2023-07-17 23:50:16.475 | INFO     | __main__:run_winclip:42 - wood=======p_roc: 69.61
2023-07-17 23:50:16.475 | INFO     | __main__:run_winclip:42 - wood=======p_pro: 0.00
2023-07-17 23:50:16.475 | INFO     | __main__:run_winclip:42 - wood=======i_f1: 95.08
2023-07-17 23:50:16.475 | INFO     | __main__:run_winclip:42 - wood=======p_f1: 20.65
2023-07-17 23:50:16.476 | INFO     | __main__:run_winclip:42 - wood=======r_f1: 0.00
2023-07-17 23:50:16.487 | INFO     | utils.training_utils:get_dir_from_args:51 - ===> Root dir for this experiment: ./result_winclip/mvtec-k-0/logger/bottle
2023-07-17 23:50:16.489 | INFO     | datasets:get_dataloader_from_args:43 - ===> datasets: mvtec, class name/len: bottle/83, batch size: 128
2023-07-17 23:50:19.636 | INFO     | test:test:26 - begin build text feature gallery...
2023-07-17 23:50:19.801 | INFO     | test:test:28 - build text feature gallery finished.
2023-07-17 23:50:30.632 | INFO     | __main__:run_winclip:42 - bottle=======i_roc: 99.05
2023-07-17 23:50:30.632 | INFO     | __main__:run_winclip:42 - bottle=======p_roc: 69.07
2023-07-17 23:50:30.633 | INFO     | __main__:run_winclip:42 - bottle=======p_pro: 0.00
2023-07-17 23:50:30.633 | INFO     | __main__:run_winclip:42 - bottle=======i_f1: 96.92
2023-07-17 23:50:30.633 | INFO     | __main__:run_winclip:42 - bottle=======p_f1: 18.80
2023-07-17 23:50:30.633 | INFO     | __main__:run_winclip:42 - bottle=======r_f1: 0.00
2023-07-17 23:50:30.646 | INFO     | utils.training_utils:get_dir_from_args:51 - ===> Root dir for this experiment: ./result_winclip/mvtec-k-0/logger/cable
2023-07-17 23:50:30.648 | INFO     | datasets:get_dataloader_from_args:43 - ===> datasets: mvtec, class name/len: cable/150, batch size: 128
2023-07-17 23:50:32.915 | INFO     | test:test:26 - begin build text feature gallery...
2023-07-17 23:50:33.079 | INFO     | test:test:28 - build text feature gallery finished.
2023-07-17 23:50:51.414 | INFO     | __main__:run_winclip:42 - cable=======i_roc: 61.64
2023-07-17 23:50:51.415 | INFO     | __main__:run_winclip:42 - cable=======p_roc: 62.79
2023-07-17 23:50:51.415 | INFO     | __main__:run_winclip:42 - cable=======p_pro: 0.00
2023-07-17 23:50:51.416 | INFO     | __main__:run_winclip:42 - cable=======i_f1: 76.92
2023-07-17 23:50:51.416 | INFO     | __main__:run_winclip:42 - cable=======p_f1: 10.52
2023-07-17 23:50:51.416 | INFO     | __main__:run_winclip:42 - cable=======r_f1: 0.00
2023-07-17 23:50:51.431 | INFO     | utils.training_utils:get_dir_from_args:51 - ===> Root dir for this experiment: ./result_winclip/mvtec-k-0/logger/capsule
2023-07-17 23:50:51.433 | INFO     | datasets:get_dataloader_from_args:43 - ===> datasets: mvtec, class name/len: capsule/132, batch size: 128
2023-07-17 23:50:53.588 | INFO     | test:test:26 - begin build text feature gallery...
2023-07-17 23:50:53.756 | INFO     | test:test:28 - build text feature gallery finished.
2023-07-17 23:51:12.805 | INFO     | __main__:run_winclip:42 - capsule=======i_roc: 58.48
2023-07-17 23:51:12.805 | INFO     | __main__:run_winclip:42 - capsule=======p_roc: 72.47
2023-07-17 23:51:12.806 | INFO     | __main__:run_winclip:42 - capsule=======p_pro: 0.00
2023-07-17 23:51:12.806 | INFO     | __main__:run_winclip:42 - capsule=======i_f1: 90.46
2023-07-17 23:51:12.806 | INFO     | __main__:run_winclip:42 - capsule=======p_f1: 7.55
2023-07-17 23:51:12.807 | INFO     | __main__:run_winclip:42 - capsule=======r_f1: 0.00
2023-07-17 23:51:12.819 | INFO     | utils.training_utils:get_dir_from_args:51 - ===> Root dir for this experiment: ./result_winclip/mvtec-k-0/logger/hazelnut
2023-07-17 23:51:12.822 | INFO     | datasets:get_dataloader_from_args:43 - ===> datasets: mvtec, class name/len: hazelnut/110, batch size: 128
2023-07-17 23:51:14.966 | INFO     | test:test:26 - begin build text feature gallery...
2023-07-17 23:51:15.148 | INFO     | test:test:28 - build text feature gallery finished.
2023-07-17 23:51:29.226 | INFO     | __main__:run_winclip:42 - hazelnut=======i_roc: 91.21
2023-07-17 23:51:29.226 | INFO     | __main__:run_winclip:42 - hazelnut=======p_roc: 70.16
2023-07-17 23:51:29.227 | INFO     | __main__:run_winclip:42 - hazelnut=======p_pro: 0.00
2023-07-17 23:51:29.227 | INFO     | __main__:run_winclip:42 - hazelnut=======i_f1: 87.14
2023-07-17 23:51:29.228 | INFO     | __main__:run_winclip:42 - hazelnut=======p_f1: 7.69
2023-07-17 23:51:29.228 | INFO     | __main__:run_winclip:42 - hazelnut=======r_f1: 0.00
2023-07-17 23:51:29.244 | INFO     | utils.training_utils:get_dir_from_args:51 - ===> Root dir for this experiment: ./result_winclip/mvtec-k-0/logger/metal_nut
2023-07-17 23:51:29.246 | INFO     | datasets:get_dataloader_from_args:43 - ===> datasets: mvtec, class name/len: metal_nut/115, batch size: 128
2023-07-17 23:51:32.469 | INFO     | test:test:26 - begin build text feature gallery...
2023-07-17 23:51:32.649 | INFO     | test:test:28 - build text feature gallery finished.
2023-07-17 23:51:49.313 | INFO     | __main__:run_winclip:42 - metal_nut=======i_roc: 86.27
2023-07-17 23:51:49.314 | INFO     | __main__:run_winclip:42 - metal_nut=======p_roc: 56.54
2023-07-17 23:51:49.315 | INFO     | __main__:run_winclip:42 - metal_nut=======p_pro: 0.00
2023-07-17 23:51:49.315 | INFO     | __main__:run_winclip:42 - metal_nut=======i_f1: 89.86
2023-07-17 23:51:49.316 | INFO     | __main__:run_winclip:42 - metal_nut=======p_f1: 24.35
2023-07-17 23:51:49.316 | INFO     | __main__:run_winclip:42 - metal_nut=======r_f1: 0.00
2023-07-17 23:51:49.330 | INFO     | utils.training_utils:get_dir_from_args:51 - ===> Root dir for this experiment: ./result_winclip/mvtec-k-0/logger/pill
2023-07-17 23:51:49.334 | INFO     | datasets:get_dataloader_from_args:43 - ===> datasets: mvtec, class name/len: pill/167, batch size: 128
2023-07-17 23:51:51.900 | INFO     | test:test:26 - begin build text feature gallery...
2023-07-17 23:51:52.078 | INFO     | test:test:28 - build text feature gallery finished.
2023-07-17 23:52:14.302 | INFO     | __main__:run_winclip:42 - pill=======i_roc: 81.01
2023-07-17 23:52:14.304 | INFO     | __main__:run_winclip:42 - pill=======p_roc: 42.93
2023-07-17 23:52:14.304 | INFO     | __main__:run_winclip:42 - pill=======p_pro: 0.00
2023-07-17 23:52:14.305 | INFO     | __main__:run_winclip:42 - pill=======i_f1: 91.56
2023-07-17 23:52:14.305 | INFO     | __main__:run_winclip:42 - pill=======p_f1: 6.52
2023-07-17 23:52:14.306 | INFO     | __main__:run_winclip:42 - pill=======r_f1: 0.00
2023-07-17 23:52:14.313 | INFO     | utils.training_utils:get_dir_from_args:51 - ===> Root dir for this experiment: ./result_winclip/mvtec-k-0/logger/screw
2023-07-17 23:52:14.320 | INFO     | datasets:get_dataloader_from_args:43 - ===> datasets: mvtec, class name/len: screw/160, batch size: 128
2023-07-17 23:52:16.714 | INFO     | test:test:26 - begin build text feature gallery...
2023-07-17 23:52:16.881 | INFO     | test:test:28 - build text feature gallery finished.
2023-07-17 23:52:40.855 | INFO     | __main__:run_winclip:42 - screw=======i_roc: 75.38
2023-07-17 23:52:40.856 | INFO     | __main__:run_winclip:42 - screw=======p_roc: 70.31
2023-07-17 23:52:40.856 | INFO     | __main__:run_winclip:42 - screw=======p_pro: 0.00
2023-07-17 23:52:40.857 | INFO     | __main__:run_winclip:42 - screw=======i_f1: 86.47
2023-07-17 23:52:40.857 | INFO     | __main__:run_winclip:42 - screw=======p_f1: 2.65
2023-07-17 23:52:40.858 | INFO     | __main__:run_winclip:42 - screw=======r_f1: 0.00
2023-07-17 23:52:40.876 | INFO     | utils.training_utils:get_dir_from_args:51 - ===> Root dir for this experiment: ./result_winclip/mvtec-k-0/logger/toothbrush
2023-07-17 23:52:40.877 | INFO     | datasets:get_dataloader_from_args:43 - ===> datasets: mvtec, class name/len: toothbrush/42, batch size: 128
2023-07-17 23:52:44.041 | INFO     | test:test:26 - begin build text feature gallery...
2023-07-17 23:52:44.229 | INFO     | test:test:28 - build text feature gallery finished.
2023-07-17 23:52:51.161 | INFO     | __main__:run_winclip:42 - toothbrush=======i_roc: 72.22
2023-07-17 23:52:51.162 | INFO     | __main__:run_winclip:42 - toothbrush=======p_roc: 69.03
2023-07-17 23:52:51.162 | INFO     | __main__:run_winclip:42 - toothbrush=======p_pro: 0.00
2023-07-17 23:52:51.163 | INFO     | __main__:run_winclip:42 - toothbrush=======i_f1: 87.88
2023-07-17 23:52:51.164 | INFO     | __main__:run_winclip:42 - toothbrush=======p_f1: 5.46
2023-07-17 23:52:51.164 | INFO     | __main__:run_winclip:42 - toothbrush=======r_f1: 0.00
2023-07-17 23:52:51.179 | INFO     | utils.training_utils:get_dir_from_args:51 - ===> Root dir for this experiment: ./result_winclip/mvtec-k-0/logger/transistor
2023-07-17 23:52:51.182 | INFO     | datasets:get_dataloader_from_args:43 - ===> datasets: mvtec, class name/len: transistor/100, batch size: 128
2023-07-17 23:52:54.155 | INFO     | test:test:26 - begin build text feature gallery...
2023-07-17 23:52:54.317 | INFO     | test:test:28 - build text feature gallery finished.
2023-07-17 23:53:09.129 | INFO     | __main__:run_winclip:42 - transistor=======i_roc: 85.00
2023-07-17 23:53:09.130 | INFO     | __main__:run_winclip:42 - transistor=======p_roc: 77.77
2023-07-17 23:53:09.130 | INFO     | __main__:run_winclip:42 - transistor=======p_pro: 0.00
2023-07-17 23:53:09.131 | INFO     | __main__:run_winclip:42 - transistor=======i_f1: 75.61
2023-07-17 23:53:09.131 | INFO     | __main__:run_winclip:42 - transistor=======p_f1: 23.23
2023-07-17 23:53:09.132 | INFO     | __main__:run_winclip:42 - transistor=======r_f1: 0.00
2023-07-17 23:53:09.149 | INFO     | utils.training_utils:get_dir_from_args:51 - ===> Root dir for this experiment: ./result_winclip/mvtec-k-0/logger/zipper
2023-07-17 23:53:09.153 | INFO     | datasets:get_dataloader_from_args:43 - ===> datasets: mvtec, class name/len: zipper/151, batch size: 128
2023-07-17 23:53:12.239 | INFO     | test:test:26 - begin build text feature gallery...
2023-07-17 23:53:12.421 | INFO     | test:test:28 - build text feature gallery finished.
2023-07-17 23:53:32.300 | INFO     | __main__:run_winclip:42 - zipper=======i_roc: 94.07
2023-07-17 23:53:32.301 | INFO     | __main__:run_winclip:42 - zipper=======p_roc: 79.86
2023-07-17 23:53:32.302 | INFO     | __main__:run_winclip:42 - zipper=======p_pro: 0.00
2023-07-17 23:53:32.302 | INFO     | __main__:run_winclip:42 - zipper=======i_f1: 93.23
2023-07-17 23:53:32.303 | INFO     | __main__:run_winclip:42 - zipper=======p_f1: 10.64
2023-07-17 23:53:32.303 | INFO     | __main__:run_winclip:42 - zipper=======r_f1: 0.00
