2023-07-25 00:53:17.593 | INFO     | utils.training_utils:get_dir_from_args:51 - ===> Root dir for this experiment: ./result_winclip/mvtec-k-0/logger/carpet
2023-07-25 00:53:17.598 | INFO     | datasets:get_dataloader_from_args:43 - ===> datasets: mvtec, class name/len: carpet/117, batch size: 128
2023-07-25 00:53:21.767 | INFO     | test:test:26 - begin build text feature gallery...
2023-07-25 00:53:21.918 | INFO     | test:test:28 - build text feature gallery finished.
2023-07-25 00:53:53.472 | INFO     | __main__:run_winclip:42 - carpet=======i_roc: 95.47
2023-07-25 00:53:53.473 | INFO     | __main__:run_winclip:42 - carpet=======p_roc: 12.44
2023-07-25 00:53:53.473 | INFO     | __main__:run_winclip:42 - carpet=======p_pro: 0.00
2023-07-25 00:53:53.473 | INFO     | __main__:run_winclip:42 - carpet=======i_f1: 95.08
2023-07-25 00:53:53.473 | INFO     | __main__:run_winclip:42 - carpet=======p_f1: 3.16
2023-07-25 00:53:53.473 | INFO     | __main__:run_winclip:42 - carpet=======r_f1: 0.00
2023-07-25 00:53:53.513 | INFO     | utils.training_utils:get_dir_from_args:51 - ===> Root dir for this experiment: ./result_winclip/mvtec-k-0/logger/grid
2023-07-25 00:53:53.517 | INFO     | datasets:get_dataloader_from_args:43 - ===> datasets: mvtec, class name/len: grid/78, batch size: 128
2023-07-25 00:53:55.547 | INFO     | test:test:26 - begin build text feature gallery...
2023-07-25 00:53:55.692 | INFO     | test:test:28 - build text feature gallery finished.
2023-07-25 00:54:10.473 | INFO     | __main__:run_winclip:42 - grid=======i_roc: 89.31
2023-07-25 00:54:10.473 | INFO     | __main__:run_winclip:42 - grid=======p_roc: 27.48
2023-07-25 00:54:10.474 | INFO     | __main__:run_winclip:42 - grid=======p_pro: 0.00
2023-07-25 00:54:10.474 | INFO     | __main__:run_winclip:42 - grid=======i_f1: 90.76
2023-07-25 00:54:10.474 | INFO     | __main__:run_winclip:42 - grid=======p_f1: 1.38
2023-07-25 00:54:10.474 | INFO     | __main__:run_winclip:42 - grid=======r_f1: 0.00
2023-07-25 00:54:10.481 | INFO     | utils.training_utils:get_dir_from_args:51 - ===> Root dir for this experiment: ./result_winclip/mvtec-k-0/logger/leather
2023-07-25 00:54:10.485 | INFO     | datasets:get_dataloader_from_args:43 - ===> datasets: mvtec, class name/len: leather/124, batch size: 128
2023-07-25 00:54:12.466 | INFO     | test:test:26 - begin build text feature gallery...
2023-07-25 00:54:12.613 | INFO     | test:test:28 - build text feature gallery finished.
2023-07-25 00:54:21.947 | INFO     | __main__:run_winclip:42 - leather=======i_roc: 51.56
2023-07-25 00:54:21.947 | INFO     | __main__:run_winclip:42 - leather=======p_roc: 10.35
2023-07-25 00:54:21.947 | INFO     | __main__:run_winclip:42 - leather=======p_pro: 0.00
2023-07-25 00:54:21.948 | INFO     | __main__:run_winclip:42 - leather=======i_f1: 85.85
2023-07-25 00:54:21.948 | INFO     | __main__:run_winclip:42 - leather=======p_f1: 1.29
2023-07-25 00:54:21.948 | INFO     | __main__:run_winclip:42 - leather=======r_f1: 0.00
2023-07-25 00:54:21.973 | INFO     | utils.training_utils:get_dir_from_args:51 - ===> Root dir for this experiment: ./result_winclip/mvtec-k-0/logger/tile
2023-07-25 00:54:21.976 | INFO     | datasets:get_dataloader_from_args:43 - ===> datasets: mvtec, class name/len: tile/117, batch size: 128
2023-07-25 00:54:24.004 | INFO     | test:test:26 - begin build text feature gallery...
2023-07-25 00:54:24.150 | INFO     | test:test:28 - build text feature gallery finished.
2023-07-25 00:54:32.225 | INFO     | __main__:run_winclip:42 - tile=======i_roc: 95.35
2023-07-25 00:54:32.226 | INFO     | __main__:run_winclip:42 - tile=======p_roc: 25.35
2023-07-25 00:54:32.226 | INFO     | __main__:run_winclip:42 - tile=======p_pro: 0.00
2023-07-25 00:54:32.226 | INFO     | __main__:run_winclip:42 - tile=======i_f1: 94.05
2023-07-25 00:54:32.227 | INFO     | __main__:run_winclip:42 - tile=======p_f1: 13.15
2023-07-25 00:54:32.227 | INFO     | __main__:run_winclip:42 - tile=======r_f1: 0.00
2023-07-25 00:54:32.251 | INFO     | utils.training_utils:get_dir_from_args:51 - ===> Root dir for this experiment: ./result_winclip/mvtec-k-0/logger/wood
2023-07-25 00:54:32.254 | INFO     | datasets:get_dataloader_from_args:43 - ===> datasets: mvtec, class name/len: wood/79, batch size: 128
