2023-07-23 23:58:34.479 | INFO     | utils.training_utils:get_dir_from_args:51 - ===> Root dir for this experiment: ./result_winclip/mvtec-k-0/logger/carpet
2023-07-23 23:58:34.483 | INFO     | datasets:get_dataloader_from_args:43 - ===> datasets: mvtec, class name/len: carpet/117, batch size: 128
2023-07-23 23:59:10.340 | INFO     | test:test:26 - begin build text feature gallery...
2023-07-23 23:59:10.540 | INFO     | test:test:28 - build text feature gallery finished.
2023-07-23 23:59:19.652 | INFO     | __main__:run_winclip:42 - carpet=======i_roc: 99.48
2023-07-23 23:59:19.652 | INFO     | __main__:run_winclip:42 - carpet=======p_roc: 74.14
2023-07-23 23:59:19.652 | INFO     | __main__:run_winclip:42 - carpet=======p_pro: 0.00
2023-07-23 23:59:19.652 | INFO     | __main__:run_winclip:42 - carpet=======i_f1: 98.32
2023-07-23 23:59:19.653 | INFO     | __main__:run_winclip:42 - carpet=======p_f1: 9.14
2023-07-23 23:59:19.653 | INFO     | __main__:run_winclip:42 - carpet=======r_f1: 0.00
2023-07-23 23:59:19.684 | INFO     | utils.training_utils:get_dir_from_args:51 - ===> Root dir for this experiment: ./result_winclip/mvtec-k-0/logger/grid
2023-07-23 23:59:19.686 | INFO     | datasets:get_dataloader_from_args:43 - ===> datasets: mvtec, class name/len: grid/78, batch size: 128
2023-07-23 23:59:21.818 | INFO     | test:test:26 - begin build text feature gallery...
2023-07-23 23:59:21.965 | INFO     | test:test:28 - build text feature gallery finished.
2023-07-23 23:59:26.495 | INFO     | __main__:run_winclip:42 - grid=======i_roc: 96.07
2023-07-23 23:59:26.495 | INFO     | __main__:run_winclip:42 - grid=======p_roc: 68.74
2023-07-23 23:59:26.495 | INFO     | __main__:run_winclip:42 - grid=======p_pro: 0.00
2023-07-23 23:59:26.495 | INFO     | __main__:run_winclip:42 - grid=======i_f1: 94.02
2023-07-23 23:59:26.496 | INFO     | __main__:run_winclip:42 - grid=======p_f1: 3.57
2023-07-23 23:59:26.496 | INFO     | __main__:run_winclip:42 - grid=======r_f1: 0.00
2023-07-23 23:59:26.534 | INFO     | utils.training_utils:get_dir_from_args:51 - ===> Root dir for this experiment: ./result_winclip/mvtec-k-0/logger/leather
2023-07-23 23:59:26.537 | INFO     | datasets:get_dataloader_from_args:43 - ===> datasets: mvtec, class name/len: leather/124, batch size: 128
2023-07-23 23:59:28.663 | INFO     | test:test:26 - begin build text feature gallery...
2023-07-23 23:59:28.811 | INFO     | test:test:28 - build text feature gallery finished.
2023-07-23 23:59:37.679 | INFO     | __main__:run_winclip:42 - leather=======i_roc: 100.00
2023-07-23 23:59:37.679 | INFO     | __main__:run_winclip:42 - leather=======p_roc: 74.79
2023-07-23 23:59:37.679 | INFO     | __main__:run_winclip:42 - leather=======p_pro: 0.00
2023-07-23 23:59:37.679 | INFO     | __main__:run_winclip:42 - leather=======i_f1: 100.00
2023-07-23 23:59:37.680 | INFO     | __main__:run_winclip:42 - leather=======p_f1: 3.88
2023-07-23 23:59:37.680 | INFO     | __main__:run_winclip:42 - leather=======r_f1: 0.00
2023-07-23 23:59:37.717 | INFO     | utils.training_utils:get_dir_from_args:51 - ===> Root dir for this experiment: ./result_winclip/mvtec-k-0/logger/tile
2023-07-23 23:59:37.720 | INFO     | datasets:get_dataloader_from_args:43 - ===> datasets: mvtec, class name/len: tile/117, batch size: 128
2023-07-23 23:59:39.841 | INFO     | test:test:26 - begin build text feature gallery...
2023-07-23 23:59:39.987 | INFO     | test:test:28 - build text feature gallery finished.
2023-07-23 23:59:47.811 | INFO     | __main__:run_winclip:42 - tile=======i_roc: 99.31
2023-07-23 23:59:47.812 | INFO     | __main__:run_winclip:42 - tile=======p_roc: 63.33
2023-07-23 23:59:47.812 | INFO     | __main__:run_winclip:42 - tile=======p_pro: 0.00
2023-07-23 23:59:47.812 | INFO     | __main__:run_winclip:42 - tile=======i_f1: 98.81
2023-07-23 23:59:47.813 | INFO     | __main__:run_winclip:42 - tile=======p_f1: 18.65
2023-07-23 23:59:47.813 | INFO     | __main__:run_winclip:42 - tile=======r_f1: 0.00
2023-07-23 23:59:47.821 | INFO     | utils.training_utils:get_dir_from_args:51 - ===> Root dir for this experiment: ./result_winclip/mvtec-k-0/logger/wood
2023-07-23 23:59:47.824 | INFO     | datasets:get_dataloader_from_args:43 - ===> datasets: mvtec, class name/len: wood/79, batch size: 128
2023-07-23 23:59:49.979 | INFO     | test:test:26 - begin build text feature gallery...
2023-07-23 23:59:50.125 | INFO     | test:test:28 - build text feature gallery finished.
2023-07-23 23:59:56.044 | INFO     | __main__:run_winclip:42 - wood=======i_roc: 97.28
2023-07-23 23:59:56.045 | INFO     | __main__:run_winclip:42 - wood=======p_roc: 69.58
2023-07-23 23:59:56.045 | INFO     | __main__:run_winclip:42 - wood=======p_pro: 0.00
2023-07-23 23:59:56.046 | INFO     | __main__:run_winclip:42 - wood=======i_f1: 95.08
2023-07-23 23:59:56.046 | INFO     | __main__:run_winclip:42 - wood=======p_f1: 20.65
2023-07-23 23:59:56.046 | INFO     | __main__:run_winclip:42 - wood=======r_f1: 0.00
2023-07-23 23:59:56.054 | INFO     | utils.training_utils:get_dir_from_args:51 - ===> Root dir for this experiment: ./result_winclip/mvtec-k-0/logger/bottle
2023-07-23 23:59:56.057 | INFO     | datasets:get_dataloader_from_args:43 - ===> datasets: mvtec, class name/len: bottle/83, batch size: 128
2023-07-23 23:59:58.201 | INFO     | test:test:26 - begin build text feature gallery...
2023-07-23 23:59:58.349 | INFO     | test:test:28 - build text feature gallery finished.
