2023-07-25 00:35:09.469 | INFO     | utils.training_utils:get_dir_from_args:51 - ===> Root dir for this experiment: ./result_winclip/mvtec-k-0/logger/carpet
2023-07-25 00:35:09.473 | INFO     | datasets:get_dataloader_from_args:43 - ===> datasets: mvtec, class name/len: carpet/117, batch size: 128
2023-07-25 00:35:13.474 | INFO     | test:test:26 - begin build text feature gallery...
2023-07-25 00:35:13.622 | INFO     | test:test:28 - build text feature gallery finished.
2023-07-25 00:35:22.102 | INFO     | __main__:run_winclip:42 - carpet=======i_roc: 99.48
2023-07-25 00:35:22.103 | INFO     | __main__:run_winclip:42 - carpet=======p_roc: 74.14
2023-07-25 00:35:22.103 | INFO     | __main__:run_winclip:42 - carpet=======p_pro: 0.00
2023-07-25 00:35:22.103 | INFO     | __main__:run_winclip:42 - carpet=======i_f1: 98.32
2023-07-25 00:35:22.103 | INFO     | __main__:run_winclip:42 - carpet=======p_f1: 9.14
2023-07-25 00:35:22.103 | INFO     | __main__:run_winclip:42 - carpet=======r_f1: 0.00
2023-07-25 00:35:22.115 | INFO     | utils.training_utils:get_dir_from_args:51 - ===> Root dir for this experiment: ./result_winclip/mvtec-k-0/logger/grid
2023-07-25 00:35:22.120 | INFO     | datasets:get_dataloader_from_args:43 - ===> datasets: mvtec, class name/len: grid/78, batch size: 128
2023-07-25 00:35:24.060 | INFO     | test:test:26 - begin build text feature gallery...
2023-07-25 00:35:24.206 | INFO     | test:test:28 - build text feature gallery finished.
2023-07-25 00:35:28.733 | INFO     | __main__:run_winclip:42 - grid=======i_roc: 96.07
2023-07-25 00:35:28.733 | INFO     | __main__:run_winclip:42 - grid=======p_roc: 68.74
2023-07-25 00:35:28.734 | INFO     | __main__:run_winclip:42 - grid=======p_pro: 0.00
2023-07-25 00:35:28.734 | INFO     | __main__:run_winclip:42 - grid=======i_f1: 94.02
2023-07-25 00:35:28.734 | INFO     | __main__:run_winclip:42 - grid=======p_f1: 3.57
2023-07-25 00:35:28.734 | INFO     | __main__:run_winclip:42 - grid=======r_f1: 0.00
2023-07-25 00:35:28.746 | INFO     | utils.training_utils:get_dir_from_args:51 - ===> Root dir for this experiment: ./result_winclip/mvtec-k-0/logger/leather
2023-07-25 00:35:28.749 | INFO     | datasets:get_dataloader_from_args:43 - ===> datasets: mvtec, class name/len: leather/124, batch size: 128
2023-07-25 00:35:30.742 | INFO     | test:test:26 - begin build text feature gallery...
2023-07-25 00:35:30.893 | INFO     | test:test:28 - build text feature gallery finished.
2023-07-25 00:35:40.164 | INFO     | __main__:run_winclip:42 - leather=======i_roc: 100.00
2023-07-25 00:35:40.164 | INFO     | __main__:run_winclip:42 - leather=======p_roc: 74.79
2023-07-25 00:35:40.164 | INFO     | __main__:run_winclip:42 - leather=======p_pro: 0.00
2023-07-25 00:35:40.165 | INFO     | __main__:run_winclip:42 - leather=======i_f1: 100.00
2023-07-25 00:35:40.165 | INFO     | __main__:run_winclip:42 - leather=======p_f1: 3.88
2023-07-25 00:35:40.165 | INFO     | __main__:run_winclip:42 - leather=======r_f1: 0.00
2023-07-25 00:35:40.173 | INFO     | utils.training_utils:get_dir_from_args:51 - ===> Root dir for this experiment: ./result_winclip/mvtec-k-0/logger/tile
2023-07-25 00:35:40.176 | INFO     | datasets:get_dataloader_from_args:43 - ===> datasets: mvtec, class name/len: tile/117, batch size: 128
2023-07-25 00:35:42.167 | INFO     | test:test:26 - begin build text feature gallery...
2023-07-25 00:35:42.310 | INFO     | test:test:28 - build text feature gallery finished.
2023-07-25 00:36:36.120 | INFO     | __main__:run_winclip:42 - tile=======i_roc: 99.31
2023-07-25 00:36:36.120 | INFO     | __main__:run_winclip:42 - tile=======p_roc: 63.33
2023-07-25 00:36:36.121 | INFO     | __main__:run_winclip:42 - tile=======p_pro: 0.00
2023-07-25 00:36:36.121 | INFO     | __main__:run_winclip:42 - tile=======i_f1: 98.81
2023-07-25 00:36:36.121 | INFO     | __main__:run_winclip:42 - tile=======p_f1: 18.65
2023-07-25 00:36:36.121 | INFO     | __main__:run_winclip:42 - tile=======r_f1: 0.00
2023-07-25 00:36:36.129 | INFO     | utils.training_utils:get_dir_from_args:51 - ===> Root dir for this experiment: ./result_winclip/mvtec-k-0/logger/wood
2023-07-25 00:36:36.133 | INFO     | datasets:get_dataloader_from_args:43 - ===> datasets: mvtec, class name/len: wood/79, batch size: 128
2023-07-25 00:36:38.175 | INFO     | test:test:26 - begin build text feature gallery...
2023-07-25 00:36:38.318 | INFO     | test:test:28 - build text feature gallery finished.
2023-07-25 00:37:06.763 | INFO     | __main__:run_winclip:42 - wood=======i_roc: 97.28
2023-07-25 00:37:06.764 | INFO     | __main__:run_winclip:42 - wood=======p_roc: 69.58
2023-07-25 00:37:06.764 | INFO     | __main__:run_winclip:42 - wood=======p_pro: 0.00
2023-07-25 00:37:06.764 | INFO     | __main__:run_winclip:42 - wood=======i_f1: 95.08
2023-07-25 00:37:06.765 | INFO     | __main__:run_winclip:42 - wood=======p_f1: 20.65
2023-07-25 00:37:06.765 | INFO     | __main__:run_winclip:42 - wood=======r_f1: 0.00
2023-07-25 00:37:06.787 | INFO     | utils.training_utils:get_dir_from_args:51 - ===> Root dir for this experiment: ./result_winclip/mvtec-k-0/logger/bottle
2023-07-25 00:37:06.790 | INFO     | datasets:get_dataloader_from_args:43 - ===> datasets: mvtec, class name/len: bottle/83, batch size: 128
2023-07-25 00:37:08.839 | INFO     | test:test:26 - begin build text feature gallery...
2023-07-25 00:37:08.988 | INFO     | test:test:28 - build text feature gallery finished.
2023-07-25 00:50:09.866 | INFO     | utils.training_utils:get_dir_from_args:51 - ===> Root dir for this experiment: ./result_winclip/mvtec-k-0/logger/carpet
2023-07-25 00:50:09.870 | INFO     | datasets:get_dataloader_from_args:43 - ===> datasets: mvtec, class name/len: carpet/117, batch size: 128
2023-07-25 00:50:13.987 | INFO     | test:test:26 - begin build text feature gallery...
2023-07-25 00:50:14.136 | INFO     | test:test:28 - build text feature gallery finished.
