2023-07-17 22:38:27.323 | INFO     | utils.training_utils:get_dir_from_args:51 - ===> Root dir for this experiment: ./result_winclip/mvtec-k-0/logger/capsule
2023-07-17 22:38:27.326 | INFO     | datasets:get_dataloader_from_args:43 - ===> datasets: mvtec, class name/len: capsule/132, batch size: 128
2023-07-17 22:38:29.474 | INFO     | test:test:26 - begin build text feature gallery...
2023-07-17 22:38:29.601 | INFO     | test:test:28 - build text feature gallery finished.
2023-07-17 22:38:56.216 | INFO     | __main__:run_winclip:42 - capsule=======i_roc: 58.48
2023-07-17 22:38:56.216 | INFO     | __main__:run_winclip:42 - capsule=======p_roc: 72.47
2023-07-17 22:38:56.217 | INFO     | __main__:run_winclip:42 - capsule=======p_pro: 0.00
2023-07-17 22:38:56.217 | INFO     | __main__:run_winclip:42 - capsule=======i_f1: 90.46
2023-07-17 22:38:56.217 | INFO     | __main__:run_winclip:42 - capsule=======p_f1: 7.55
2023-07-17 22:38:56.218 | INFO     | __main__:run_winclip:42 - capsule=======r_f1: 0.00
2023-07-17 22:38:56.245 | INFO     | utils.training_utils:get_dir_from_args:51 - ===> Root dir for this experiment: ./result_winclip/mvtec-k-0/logger/hazelnut
2023-07-17 22:38:56.248 | INFO     | datasets:get_dataloader_from_args:43 - ===> datasets: mvtec, class name/len: hazelnut/110, batch size: 128
2023-07-17 22:38:59.288 | INFO     | test:test:26 - begin build text feature gallery...
2023-07-17 22:38:59.470 | INFO     | test:test:28 - build text feature gallery finished.
2023-07-17 22:39:21.380 | INFO     | __main__:run_winclip:42 - hazelnut=======i_roc: 91.25
2023-07-17 22:39:21.380 | INFO     | __main__:run_winclip:42 - hazelnut=======p_roc: 70.16
2023-07-17 22:39:21.381 | INFO     | __main__:run_winclip:42 - hazelnut=======p_pro: 0.00
2023-07-17 22:39:21.381 | INFO     | __main__:run_winclip:42 - hazelnut=======i_f1: 87.14
2023-07-17 22:39:21.381 | INFO     | __main__:run_winclip:42 - hazelnut=======p_f1: 7.69
2023-07-17 22:39:21.382 | INFO     | __main__:run_winclip:42 - hazelnut=======r_f1: 0.00
2023-07-17 22:39:21.408 | INFO     | utils.training_utils:get_dir_from_args:51 - ===> Root dir for this experiment: ./result_winclip/mvtec-k-0/logger/metal_nut
2023-07-17 22:39:21.411 | INFO     | datasets:get_dataloader_from_args:43 - ===> datasets: mvtec, class name/len: metal_nut/115, batch size: 128
2023-07-17 22:39:24.028 | INFO     | test:test:26 - begin build text feature gallery...
2023-07-17 22:39:24.175 | INFO     | test:test:28 - build text feature gallery finished.
