2023-07-17 23:52:14.313 | INFO     | utils.training_utils:get_dir_from_args:51 - ===> Root dir for this experiment: ./result_winclip/mvtec-k-0/logger/screw
2023-07-17 23:52:14.320 | INFO     | datasets:get_dataloader_from_args:43 - ===> datasets: mvtec, class name/len: screw/160, batch size: 128
2023-07-17 23:52:16.714 | INFO     | test:test:26 - begin build text feature gallery...
2023-07-17 23:52:16.881 | INFO     | test:test:28 - build text feature gallery finished.
2023-07-17 23:52:40.855 | INFO     | __main__:run_winclip:42 - screw=======i_roc: 75.38
2023-07-17 23:52:40.856 | INFO     | __main__:run_winclip:42 - screw=======p_roc: 70.31
2023-07-17 23:52:40.856 | INFO     | __main__:run_winclip:42 - screw=======p_pro: 0.00
2023-07-17 23:52:40.857 | INFO     | __main__:run_winclip:42 - screw=======i_f1: 86.47
2023-07-17 23:52:40.857 | INFO     | __main__:run_winclip:42 - screw=======p_f1: 2.65
2023-07-17 23:52:40.858 | INFO     | __main__:run_winclip:42 - screw=======r_f1: 0.00
2023-07-17 23:52:40.876 | INFO     | utils.training_utils:get_dir_from_args:51 - ===> Root dir for this experiment: ./result_winclip/mvtec-k-0/logger/toothbrush
2023-07-17 23:52:40.877 | INFO     | datasets:get_dataloader_from_args:43 - ===> datasets: mvtec, class name/len: toothbrush/42, batch size: 128
2023-07-17 23:52:44.041 | INFO     | test:test:26 - begin build text feature gallery...
2023-07-17 23:52:44.229 | INFO     | test:test:28 - build text feature gallery finished.
2023-07-17 23:52:51.161 | INFO     | __main__:run_winclip:42 - toothbrush=======i_roc: 72.22
2023-07-17 23:52:51.162 | INFO     | __main__:run_winclip:42 - toothbrush=======p_roc: 69.03
2023-07-17 23:52:51.162 | INFO     | __main__:run_winclip:42 - toothbrush=======p_pro: 0.00
2023-07-17 23:52:51.163 | INFO     | __main__:run_winclip:42 - toothbrush=======i_f1: 87.88
2023-07-17 23:52:51.164 | INFO     | __main__:run_winclip:42 - toothbrush=======p_f1: 5.46
2023-07-17 23:52:51.164 | INFO     | __main__:run_winclip:42 - toothbrush=======r_f1: 0.00
2023-07-17 23:52:51.179 | INFO     | utils.training_utils:get_dir_from_args:51 - ===> Root dir for this experiment: ./result_winclip/mvtec-k-0/logger/transistor
2023-07-17 23:52:51.182 | INFO     | datasets:get_dataloader_from_args:43 - ===> datasets: mvtec, class name/len: transistor/100, batch size: 128
2023-07-17 23:52:54.155 | INFO     | test:test:26 - begin build text feature gallery...
2023-07-17 23:52:54.317 | INFO     | test:test:28 - build text feature gallery finished.
2023-07-17 23:53:09.129 | INFO     | __main__:run_winclip:42 - transistor=======i_roc: 85.00
2023-07-17 23:53:09.130 | INFO     | __main__:run_winclip:42 - transistor=======p_roc: 77.77
2023-07-17 23:53:09.130 | INFO     | __main__:run_winclip:42 - transistor=======p_pro: 0.00
2023-07-17 23:53:09.131 | INFO     | __main__:run_winclip:42 - transistor=======i_f1: 75.61
2023-07-17 23:53:09.131 | INFO     | __main__:run_winclip:42 - transistor=======p_f1: 23.23
2023-07-17 23:53:09.132 | INFO     | __main__:run_winclip:42 - transistor=======r_f1: 0.00
2023-07-17 23:53:09.149 | INFO     | utils.training_utils:get_dir_from_args:51 - ===> Root dir for this experiment: ./result_winclip/mvtec-k-0/logger/zipper
2023-07-17 23:53:09.153 | INFO     | datasets:get_dataloader_from_args:43 - ===> datasets: mvtec, class name/len: zipper/151, batch size: 128
2023-07-17 23:53:12.239 | INFO     | test:test:26 - begin build text feature gallery...
2023-07-17 23:53:12.421 | INFO     | test:test:28 - build text feature gallery finished.
2023-07-17 23:53:32.300 | INFO     | __main__:run_winclip:42 - zipper=======i_roc: 94.07
2023-07-17 23:53:32.301 | INFO     | __main__:run_winclip:42 - zipper=======p_roc: 79.86
2023-07-17 23:53:32.302 | INFO     | __main__:run_winclip:42 - zipper=======p_pro: 0.00
2023-07-17 23:53:32.302 | INFO     | __main__:run_winclip:42 - zipper=======i_f1: 93.23
2023-07-17 23:53:32.303 | INFO     | __main__:run_winclip:42 - zipper=======p_f1: 10.64
2023-07-17 23:53:32.303 | INFO     | __main__:run_winclip:42 - zipper=======r_f1: 0.00
