2023-07-25 00:44:54.806 | INFO     | utils.training_utils:get_dir_from_args:51 - ===> Root dir for this experiment: ./result_winclip/mvtec-k-0/logger/leather
2023-07-25 00:44:54.809 | INFO     | datasets:get_dataloader_from_args:43 - ===> datasets: mvtec, class name/len: leather/124, batch size: 128
2023-07-25 00:44:56.788 | INFO     | test:test:26 - begin build text feature gallery...
2023-07-25 00:44:56.932 | INFO     | test:test:28 - build text feature gallery finished.
2023-07-25 00:45:28.522 | INFO     | __main__:run_winclip:42 - leather=======i_roc: 77.62
2023-07-25 00:45:28.523 | INFO     | __main__:run_winclip:42 - leather=======p_roc: 33.87
2023-07-25 00:45:28.523 | INFO     | __main__:run_winclip:42 - leather=======p_pro: 0.00
2023-07-25 00:45:28.523 | INFO     | __main__:run_winclip:42 - leather=======i_f1: 88.66
2023-07-25 00:45:28.523 | INFO     | __main__:run_winclip:42 - leather=======p_f1: 1.29
2023-07-25 00:45:28.523 | INFO     | __main__:run_winclip:42 - leather=======r_f1: 0.00
2023-07-25 00:45:28.531 | INFO     | utils.training_utils:get_dir_from_args:51 - ===> Root dir for this experiment: ./result_winclip/mvtec-k-0/logger/tile
2023-07-25 00:45:28.534 | INFO     | datasets:get_dataloader_from_args:43 - ===> datasets: mvtec, class name/len: tile/117, batch size: 128
2023-07-25 00:45:30.442 | INFO     | test:test:26 - begin build text feature gallery...
2023-07-25 00:45:30.586 | INFO     | test:test:28 - build text feature gallery finished.
2023-07-25 00:45:37.127 | INFO     | __main__:run_winclip:42 - tile=======i_roc: 81.10
2023-07-25 00:45:37.127 | INFO     | __main__:run_winclip:42 - tile=======p_roc: 40.12
2023-07-25 00:45:37.127 | INFO     | __main__:run_winclip:42 - tile=======p_pro: 0.00
2023-07-25 00:45:37.128 | INFO     | __main__:run_winclip:42 - tile=======i_f1: 85.25
2023-07-25 00:45:37.128 | INFO     | __main__:run_winclip:42 - tile=======p_f1: 13.15
2023-07-25 00:45:37.128 | INFO     | __main__:run_winclip:42 - tile=======r_f1: 0.00
2023-07-25 00:45:37.136 | INFO     | utils.training_utils:get_dir_from_args:51 - ===> Root dir for this experiment: ./result_winclip/mvtec-k-0/logger/wood
2023-07-25 00:45:37.139 | INFO     | datasets:get_dataloader_from_args:43 - ===> datasets: mvtec, class name/len: wood/79, batch size: 128
2023-07-25 00:45:38.970 | INFO     | test:test:26 - begin build text feature gallery...
2023-07-25 00:45:39.113 | INFO     | test:test:28 - build text feature gallery finished.
2023-07-25 00:45:44.079 | INFO     | __main__:run_winclip:42 - wood=======i_roc: 67.81
2023-07-25 00:45:44.080 | INFO     | __main__:run_winclip:42 - wood=======p_roc: 46.72
2023-07-25 00:45:44.080 | INFO     | __main__:run_winclip:42 - wood=======p_pro: 0.00
2023-07-25 00:45:44.080 | INFO     | __main__:run_winclip:42 - wood=======i_f1: 88.89
2023-07-25 00:45:44.081 | INFO     | __main__:run_winclip:42 - wood=======p_f1: 7.45
2023-07-25 00:45:44.081 | INFO     | __main__:run_winclip:42 - wood=======r_f1: 0.00
2023-07-25 00:45:44.089 | INFO     | utils.training_utils:get_dir_from_args:51 - ===> Root dir for this experiment: ./result_winclip/mvtec-k-0/logger/bottle
2023-07-25 00:45:44.091 | INFO     | datasets:get_dataloader_from_args:43 - ===> datasets: mvtec, class name/len: bottle/83, batch size: 128
2023-07-25 00:45:46.082 | INFO     | test:test:26 - begin build text feature gallery...
2023-07-25 00:45:46.225 | INFO     | test:test:28 - build text feature gallery finished.
2023-07-25 00:45:50.612 | INFO     | __main__:run_winclip:42 - bottle=======i_roc: 76.35
2023-07-25 00:45:50.612 | INFO     | __main__:run_winclip:42 - bottle=======p_roc: 31.79
2023-07-25 00:45:50.612 | INFO     | __main__:run_winclip:42 - bottle=======p_pro: 0.00
2023-07-25 00:45:50.613 | INFO     | __main__:run_winclip:42 - bottle=======i_f1: 86.30
2023-07-25 00:45:50.613 | INFO     | __main__:run_winclip:42 - bottle=======p_f1: 10.93
2023-07-25 00:45:50.613 | INFO     | __main__:run_winclip:42 - bottle=======r_f1: 0.00
2023-07-25 00:45:50.629 | INFO     | utils.training_utils:get_dir_from_args:51 - ===> Root dir for this experiment: ./result_winclip/mvtec-k-0/logger/cable
2023-07-25 00:45:50.632 | INFO     | datasets:get_dataloader_from_args:43 - ===> datasets: mvtec, class name/len: cable/150, batch size: 128
2023-07-25 00:45:52.635 | INFO     | test:test:26 - begin build text feature gallery...
2023-07-25 00:45:52.781 | INFO     | test:test:28 - build text feature gallery finished.
