2023-07-18 00:32:15.590 | INFO     | utils.training_utils:get_dir_from_args:51 - ===> Root dir for this experiment: ./result_winclip/mvtec-k-0/logger/leather
2023-07-18 00:32:15.593 | INFO     | datasets:get_dataloader_from_args:43 - ===> datasets: mvtec, class name/len: leather/124, batch size: 128
2023-07-18 00:32:17.522 | INFO     | test:test:26 - begin build text feature gallery...
2023-07-18 00:32:19.448 | INFO     | test:test:28 - build text feature gallery finished.
2023-07-18 00:32:30.043 | INFO     | __main__:run_winclip:42 - leather=======i_roc: 100.00
2023-07-18 00:32:30.044 | INFO     | __main__:run_winclip:42 - leather=======p_roc: 89.47
2023-07-18 00:32:30.044 | INFO     | __main__:run_winclip:42 - leather=======p_pro: 0.00
2023-07-18 00:32:30.044 | INFO     | __main__:run_winclip:42 - leather=======i_f1: 100.00
2023-07-18 00:32:30.044 | INFO     | __main__:run_winclip:42 - leather=======p_f1: 21.94
2023-07-18 00:32:30.044 | INFO     | __main__:run_winclip:42 - leather=======r_f1: 0.00
2023-07-18 00:32:30.062 | INFO     | utils.training_utils:get_dir_from_args:51 - ===> Root dir for this experiment: ./result_winclip/mvtec-k-0/logger/tile
2023-07-18 00:32:30.065 | INFO     | datasets:get_dataloader_from_args:43 - ===> datasets: mvtec, class name/len: tile/117, batch size: 128
2023-07-18 00:32:33.225 | INFO     | test:test:26 - begin build text feature gallery...
2023-07-18 00:32:33.388 | INFO     | test:test:28 - build text feature gallery finished.
2023-07-18 00:32:49.432 | INFO     | __main__:run_winclip:42 - tile=======i_roc: 99.71
2023-07-18 00:32:49.433 | INFO     | __main__:run_winclip:42 - tile=======p_roc: 71.06
2023-07-18 00:32:49.433 | INFO     | __main__:run_winclip:42 - tile=======p_pro: 0.00
2023-07-18 00:32:49.433 | INFO     | __main__:run_winclip:42 - tile=======i_f1: 98.80
2023-07-18 00:32:49.433 | INFO     | __main__:run_winclip:42 - tile=======p_f1: 21.86
2023-07-18 00:32:49.434 | INFO     | __main__:run_winclip:42 - tile=======r_f1: 0.00
2023-07-18 00:32:49.447 | INFO     | utils.training_utils:get_dir_from_args:51 - ===> Root dir for this experiment: ./result_winclip/mvtec-k-0/logger/wood
2023-07-18 00:32:49.449 | INFO     | datasets:get_dataloader_from_args:43 - ===> datasets: mvtec, class name/len: wood/79, batch size: 128
2023-07-18 00:32:52.486 | INFO     | test:test:26 - begin build text feature gallery...
2023-07-18 00:32:52.642 | INFO     | test:test:28 - build text feature gallery finished.
