2023-07-17 23:46:23.958 | INFO     | utils.training_utils:get_dir_from_args:51 - ===> Root dir for this experiment: ./result_winclip/mvtec-k-0/logger/grid
2023-07-17 23:46:23.960 | INFO     | datasets:get_dataloader_from_args:43 - ===> datasets: mvtec, class name/len: grid/78, batch size: 128
2023-07-17 23:46:26.800 | INFO     | test:test:26 - begin build text feature gallery...
2023-07-17 23:46:26.989 | INFO     | test:test:28 - build text feature gallery finished.
2023-07-17 23:46:38.082 | INFO     | __main__:run_winclip:42 - grid=======i_roc: 57.14
2023-07-17 23:46:38.083 | INFO     | __main__:run_winclip:42 - grid=======p_roc: 74.21
2023-07-17 23:46:38.083 | INFO     | __main__:run_winclip:42 - grid=======p_pro: 0.00
2023-07-17 23:46:38.083 | INFO     | __main__:run_winclip:42 - grid=======i_f1: 86.36
2023-07-17 23:46:38.083 | INFO     | __main__:run_winclip:42 - grid=======p_f1: 9.39
2023-07-17 23:46:38.083 | INFO     | __main__:run_winclip:42 - grid=======r_f1: 0.00
2023-07-17 23:46:38.089 | INFO     | utils.training_utils:get_dir_from_args:51 - ===> Root dir for this experiment: ./result_winclip/mvtec-k-0/logger/leather
2023-07-17 23:46:38.092 | INFO     | datasets:get_dataloader_from_args:43 - ===> datasets: mvtec, class name/len: leather/124, batch size: 128
2023-07-17 23:46:40.276 | INFO     | test:test:26 - begin build text feature gallery...
2023-07-17 23:46:40.452 | INFO     | test:test:28 - build text feature gallery finished.
2023-07-17 23:46:57.487 | INFO     | __main__:run_winclip:42 - leather=======i_roc: 100.00
2023-07-17 23:46:57.487 | INFO     | __main__:run_winclip:42 - leather=======p_roc: 97.19
2023-07-17 23:46:57.488 | INFO     | __main__:run_winclip:42 - leather=======p_pro: 0.00
2023-07-17 23:46:57.488 | INFO     | __main__:run_winclip:42 - leather=======i_f1: 100.00
2023-07-17 23:46:57.488 | INFO     | __main__:run_winclip:42 - leather=======p_f1: 36.46
2023-07-17 23:46:57.488 | INFO     | __main__:run_winclip:42 - leather=======r_f1: 0.00
2023-07-17 23:46:57.510 | INFO     | utils.training_utils:get_dir_from_args:51 - ===> Root dir for this experiment: ./result_winclip/mvtec-k-0/logger/tile
2023-07-17 23:46:57.513 | INFO     | datasets:get_dataloader_from_args:43 - ===> datasets: mvtec, class name/len: tile/117, batch size: 128
2023-07-17 23:46:59.571 | INFO     | test:test:26 - begin build text feature gallery...
2023-07-17 23:46:59.739 | INFO     | test:test:28 - build text feature gallery finished.
2023-07-17 23:47:13.990 | INFO     | __main__:run_winclip:42 - tile=======i_roc: 89.39
2023-07-17 23:47:13.991 | INFO     | __main__:run_winclip:42 - tile=======p_roc: 70.48
2023-07-17 23:47:13.991 | INFO     | __main__:run_winclip:42 - tile=======p_pro: 0.00
2023-07-17 23:47:13.992 | INFO     | __main__:run_winclip:42 - tile=======i_f1: 90.11
2023-07-17 23:47:13.992 | INFO     | __main__:run_winclip:42 - tile=======p_f1: 24.09
2023-07-17 23:47:13.993 | INFO     | __main__:run_winclip:42 - tile=======r_f1: 0.00
2023-07-17 23:47:14.003 | INFO     | utils.training_utils:get_dir_from_args:51 - ===> Root dir for this experiment: ./result_winclip/mvtec-k-0/logger/wood
2023-07-17 23:47:14.007 | INFO     | datasets:get_dataloader_from_args:43 - ===> datasets: mvtec, class name/len: wood/79, batch size: 128
2023-07-17 23:47:16.555 | INFO     | test:test:26 - begin build text feature gallery...
2023-07-17 23:47:16.712 | INFO     | test:test:28 - build text feature gallery finished.
