2023-07-17 22:31:00.573 | INFO     | utils.training_utils:get_dir_from_args:51 - ===> Root dir for this experiment: ./result_winclip/mvtec-k-0/logger/grid
2023-07-17 22:31:00.577 | INFO     | datasets:get_dataloader_from_args:43 - ===> datasets: mvtec, class name/len: grid/78, batch size: 128
2023-07-17 22:31:04.731 | INFO     | test:test:26 - begin build text feature gallery...
2023-07-17 22:31:04.889 | INFO     | test:test:28 - build text feature gallery finished.
2023-07-17 22:31:22.227 | INFO     | __main__:run_winclip:42 - grid=======i_roc: 96.24
2023-07-17 22:31:22.228 | INFO     | __main__:run_winclip:42 - grid=======p_roc: 68.77
2023-07-17 22:31:22.228 | INFO     | __main__:run_winclip:42 - grid=======p_pro: 0.00
2023-07-17 22:31:22.228 | INFO     | __main__:run_winclip:42 - grid=======i_f1: 94.83
2023-07-17 22:31:22.228 | INFO     | __main__:run_winclip:42 - grid=======p_f1: 3.58
2023-07-17 22:31:22.228 | INFO     | __main__:run_winclip:42 - grid=======r_f1: 0.00
2023-07-17 22:31:22.242 | INFO     | utils.training_utils:get_dir_from_args:51 - ===> Root dir for this experiment: ./result_winclip/mvtec-k-0/logger/leather
2023-07-17 22:31:22.244 | INFO     | datasets:get_dataloader_from_args:43 - ===> datasets: mvtec, class name/len: leather/124, batch size: 128
2023-07-17 22:31:25.905 | INFO     | test:test:26 - begin build text feature gallery...
2023-07-17 22:31:26.095 | INFO     | test:test:28 - build text feature gallery finished.
2023-07-17 22:31:57.776 | INFO     | __main__:run_winclip:42 - leather=======i_roc: 100.00
2023-07-17 22:31:57.776 | INFO     | __main__:run_winclip:42 - leather=======p_roc: 74.86
2023-07-17 22:31:57.777 | INFO     | __main__:run_winclip:42 - leather=======p_pro: 0.00
2023-07-17 22:31:57.777 | INFO     | __main__:run_winclip:42 - leather=======i_f1: 100.00
2023-07-17 22:31:57.777 | INFO     | __main__:run_winclip:42 - leather=======p_f1: 3.87
2023-07-17 22:31:57.777 | INFO     | __main__:run_winclip:42 - leather=======r_f1: 0.00
2023-07-17 22:31:57.792 | INFO     | utils.training_utils:get_dir_from_args:51 - ===> Root dir for this experiment: ./result_winclip/mvtec-k-0/logger/tile
2023-07-17 22:31:57.796 | INFO     | datasets:get_dataloader_from_args:43 - ===> datasets: mvtec, class name/len: tile/117, batch size: 128
2023-07-17 22:32:01.211 | INFO     | test:test:26 - begin build text feature gallery...
2023-07-17 22:32:01.391 | INFO     | test:test:28 - build text feature gallery finished.
2023-07-17 22:32:29.895 | INFO     | __main__:run_winclip:42 - tile=======i_roc: 99.31
2023-07-17 22:32:29.896 | INFO     | __main__:run_winclip:42 - tile=======p_roc: 63.31
2023-07-17 22:32:29.896 | INFO     | __main__:run_winclip:42 - tile=======p_pro: 0.00
2023-07-17 22:32:29.896 | INFO     | __main__:run_winclip:42 - tile=======i_f1: 98.81
2023-07-17 22:32:29.897 | INFO     | __main__:run_winclip:42 - tile=======p_f1: 18.52
2023-07-17 22:32:29.897 | INFO     | __main__:run_winclip:42 - tile=======r_f1: 0.00
2023-07-17 22:32:29.912 | INFO     | utils.training_utils:get_dir_from_args:51 - ===> Root dir for this experiment: ./result_winclip/mvtec-k-0/logger/wood
2023-07-17 22:32:29.915 | INFO     | datasets:get_dataloader_from_args:43 - ===> datasets: mvtec, class name/len: wood/79, batch size: 128
2023-07-17 22:32:32.977 | INFO     | test:test:26 - begin build text feature gallery...
2023-07-17 22:32:33.133 | INFO     | test:test:28 - build text feature gallery finished.
2023-07-17 22:32:50.799 | INFO     | __main__:run_winclip:42 - wood=======i_roc: 97.28
2023-07-17 22:32:50.800 | INFO     | __main__:run_winclip:42 - wood=======p_roc: 69.61
2023-07-17 22:32:50.800 | INFO     | __main__:run_winclip:42 - wood=======p_pro: 0.00
2023-07-17 22:32:50.800 | INFO     | __main__:run_winclip:42 - wood=======i_f1: 95.08
2023-07-17 22:32:50.801 | INFO     | __main__:run_winclip:42 - wood=======p_f1: 20.64
2023-07-17 22:32:50.801 | INFO     | __main__:run_winclip:42 - wood=======r_f1: 0.00
2023-07-17 22:32:50.818 | INFO     | utils.training_utils:get_dir_from_args:51 - ===> Root dir for this experiment: ./result_winclip/mvtec-k-0/logger/bottle
2023-07-17 22:32:50.822 | INFO     | datasets:get_dataloader_from_args:43 - ===> datasets: mvtec, class name/len: bottle/83, batch size: 128
2023-07-17 22:32:54.140 | INFO     | test:test:26 - begin build text feature gallery...
2023-07-17 22:32:54.322 | INFO     | test:test:28 - build text feature gallery finished.
