2023-07-17 22:37:30.722 | INFO     | utils.training_utils:get_dir_from_args:51 - ===> Root dir for this experiment: ./result_winclip/mvtec-k-0/logger/wood
2023-07-17 22:37:30.724 | INFO     | datasets:get_dataloader_from_args:43 - ===> datasets: mvtec, class name/len: wood/79, batch size: 128
2023-07-17 22:37:33.779 | INFO     | test:test:26 - begin build text feature gallery...
2023-07-17 22:37:33.953 | INFO     | test:test:28 - build text feature gallery finished.
2023-07-17 22:37:46.287 | INFO     | __main__:run_winclip:42 - wood=======i_roc: 97.28
2023-07-17 22:37:46.288 | INFO     | __main__:run_winclip:42 - wood=======p_roc: 69.61
2023-07-17 22:37:46.288 | INFO     | __main__:run_winclip:42 - wood=======p_pro: 0.00
2023-07-17 22:37:46.288 | INFO     | __main__:run_winclip:42 - wood=======i_f1: 95.08
2023-07-17 22:37:46.288 | INFO     | __main__:run_winclip:42 - wood=======p_f1: 20.64
2023-07-17 22:37:46.288 | INFO     | __main__:run_winclip:42 - wood=======r_f1: 0.00
2023-07-17 22:37:46.323 | INFO     | utils.training_utils:get_dir_from_args:51 - ===> Root dir for this experiment: ./result_winclip/mvtec-k-0/logger/bottle
2023-07-17 22:37:46.325 | INFO     | datasets:get_dataloader_from_args:43 - ===> datasets: mvtec, class name/len: bottle/83, batch size: 128
2023-07-17 22:37:48.681 | INFO     | test:test:26 - begin build text feature gallery...
2023-07-17 22:37:48.835 | INFO     | test:test:28 - build text feature gallery finished.
2023-07-17 22:37:59.448 | INFO     | __main__:run_winclip:42 - bottle=======i_roc: 99.05
2023-07-17 22:37:59.448 | INFO     | __main__:run_winclip:42 - bottle=======p_roc: 69.07
2023-07-17 22:37:59.448 | INFO     | __main__:run_winclip:42 - bottle=======p_pro: 0.00
2023-07-17 22:37:59.449 | INFO     | __main__:run_winclip:42 - bottle=======i_f1: 96.92
2023-07-17 22:37:59.449 | INFO     | __main__:run_winclip:42 - bottle=======p_f1: 18.80
2023-07-17 22:37:59.449 | INFO     | __main__:run_winclip:42 - bottle=======r_f1: 0.00
2023-07-17 22:37:59.479 | INFO     | utils.training_utils:get_dir_from_args:51 - ===> Root dir for this experiment: ./result_winclip/mvtec-k-0/logger/cable
2023-07-17 22:37:59.482 | INFO     | datasets:get_dataloader_from_args:43 - ===> datasets: mvtec, class name/len: cable/150, batch size: 128
2023-07-17 22:38:02.434 | INFO     | test:test:26 - begin build text feature gallery...
2023-07-17 22:38:02.594 | INFO     | test:test:28 - build text feature gallery finished.
2023-07-17 22:38:27.296 | INFO     | __main__:run_winclip:42 - cable=======i_roc: 61.71
2023-07-17 22:38:27.296 | INFO     | __main__:run_winclip:42 - cable=======p_roc: 62.77
2023-07-17 22:38:27.297 | INFO     | __main__:run_winclip:42 - cable=======p_pro: 0.00
2023-07-17 22:38:27.297 | INFO     | __main__:run_winclip:42 - cable=======i_f1: 76.92
2023-07-17 22:38:27.297 | INFO     | __main__:run_winclip:42 - cable=======p_f1: 10.53
2023-07-17 22:38:27.297 | INFO     | __main__:run_winclip:42 - cable=======r_f1: 0.00
2023-07-17 22:38:27.323 | INFO     | utils.training_utils:get_dir_from_args:51 - ===> Root dir for this experiment: ./result_winclip/mvtec-k-0/logger/capsule
2023-07-17 22:38:27.326 | INFO     | datasets:get_dataloader_from_args:43 - ===> datasets: mvtec, class name/len: capsule/132, batch size: 128
2023-07-17 22:38:29.474 | INFO     | test:test:26 - begin build text feature gallery...
2023-07-17 22:38:29.601 | INFO     | test:test:28 - build text feature gallery finished.
2023-07-17 22:38:56.216 | INFO     | __main__:run_winclip:42 - capsule=======i_roc: 58.48
2023-07-17 22:38:56.216 | INFO     | __main__:run_winclip:42 - capsule=======p_roc: 72.47
2023-07-17 22:38:56.217 | INFO     | __main__:run_winclip:42 - capsule=======p_pro: 0.00
2023-07-17 22:38:56.217 | INFO     | __main__:run_winclip:42 - capsule=======i_f1: 90.46
2023-07-17 22:38:56.217 | INFO     | __main__:run_winclip:42 - capsule=======p_f1: 7.55
2023-07-17 22:38:56.218 | INFO     | __main__:run_winclip:42 - capsule=======r_f1: 0.00
2023-07-17 22:38:56.245 | INFO     | utils.training_utils:get_dir_from_args:51 - ===> Root dir for this experiment: ./result_winclip/mvtec-k-0/logger/hazelnut
2023-07-17 22:38:56.248 | INFO     | datasets:get_dataloader_from_args:43 - ===> datasets: mvtec, class name/len: hazelnut/110, batch size: 128
2023-07-17 22:38:59.288 | INFO     | test:test:26 - begin build text feature gallery...
2023-07-17 22:38:59.470 | INFO     | test:test:28 - build text feature gallery finished.
2023-07-17 22:39:21.380 | INFO     | __main__:run_winclip:42 - hazelnut=======i_roc: 91.25
2023-07-17 22:39:21.380 | INFO     | __main__:run_winclip:42 - hazelnut=======p_roc: 70.16
2023-07-17 22:39:21.381 | INFO     | __main__:run_winclip:42 - hazelnut=======p_pro: 0.00
2023-07-17 22:39:21.381 | INFO     | __main__:run_winclip:42 - hazelnut=======i_f1: 87.14
2023-07-17 22:39:21.381 | INFO     | __main__:run_winclip:42 - hazelnut=======p_f1: 7.69
2023-07-17 22:39:21.382 | INFO     | __main__:run_winclip:42 - hazelnut=======r_f1: 0.00
2023-07-17 22:39:21.408 | INFO     | utils.training_utils:get_dir_from_args:51 - ===> Root dir for this experiment: ./result_winclip/mvtec-k-0/logger/metal_nut
2023-07-17 22:39:21.411 | INFO     | datasets:get_dataloader_from_args:43 - ===> datasets: mvtec, class name/len: metal_nut/115, batch size: 128
2023-07-17 22:39:24.028 | INFO     | test:test:26 - begin build text feature gallery...
2023-07-17 22:39:24.175 | INFO     | test:test:28 - build text feature gallery finished.
