2023-07-25 00:45:37.136 | INFO     | utils.training_utils:get_dir_from_args:51 - ===> Root dir for this experiment: ./result_winclip/mvtec-k-0/logger/wood
2023-07-25 00:45:37.139 | INFO     | datasets:get_dataloader_from_args:43 - ===> datasets: mvtec, class name/len: wood/79, batch size: 128
2023-07-25 00:45:38.970 | INFO     | test:test:26 - begin build text feature gallery...
2023-07-25 00:45:39.113 | INFO     | test:test:28 - build text feature gallery finished.
2023-07-25 00:45:44.079 | INFO     | __main__:run_winclip:42 - wood=======i_roc: 67.81
2023-07-25 00:45:44.080 | INFO     | __main__:run_winclip:42 - wood=======p_roc: 46.72
2023-07-25 00:45:44.080 | INFO     | __main__:run_winclip:42 - wood=======p_pro: 0.00
2023-07-25 00:45:44.080 | INFO     | __main__:run_winclip:42 - wood=======i_f1: 88.89
2023-07-25 00:45:44.081 | INFO     | __main__:run_winclip:42 - wood=======p_f1: 7.45
2023-07-25 00:45:44.081 | INFO     | __main__:run_winclip:42 - wood=======r_f1: 0.00
2023-07-25 00:45:44.089 | INFO     | utils.training_utils:get_dir_from_args:51 - ===> Root dir for this experiment: ./result_winclip/mvtec-k-0/logger/bottle
2023-07-25 00:45:44.091 | INFO     | datasets:get_dataloader_from_args:43 - ===> datasets: mvtec, class name/len: bottle/83, batch size: 128
2023-07-25 00:45:46.082 | INFO     | test:test:26 - begin build text feature gallery...
2023-07-25 00:45:46.225 | INFO     | test:test:28 - build text feature gallery finished.
2023-07-25 00:45:50.612 | INFO     | __main__:run_winclip:42 - bottle=======i_roc: 76.35
2023-07-25 00:45:50.612 | INFO     | __main__:run_winclip:42 - bottle=======p_roc: 31.79
2023-07-25 00:45:50.612 | INFO     | __main__:run_winclip:42 - bottle=======p_pro: 0.00
2023-07-25 00:45:50.613 | INFO     | __main__:run_winclip:42 - bottle=======i_f1: 86.30
2023-07-25 00:45:50.613 | INFO     | __main__:run_winclip:42 - bottle=======p_f1: 10.93
2023-07-25 00:45:50.613 | INFO     | __main__:run_winclip:42 - bottle=======r_f1: 0.00
2023-07-25 00:45:50.629 | INFO     | utils.training_utils:get_dir_from_args:51 - ===> Root dir for this experiment: ./result_winclip/mvtec-k-0/logger/cable
2023-07-25 00:45:50.632 | INFO     | datasets:get_dataloader_from_args:43 - ===> datasets: mvtec, class name/len: cable/150, batch size: 128
2023-07-25 00:45:52.635 | INFO     | test:test:26 - begin build text feature gallery...
2023-07-25 00:45:52.781 | INFO     | test:test:28 - build text feature gallery finished.
